<?xml version="1.0" encoding="UTF-8"?>
<testng-results ignored="0" total="1" passed="1" failed="0" skipped="0">
  <reporter-output>
  </reporter-output>
  <suite started-at="2022-09-17T22:52:22 IST" name="Default suite" finished-at="2022-09-17T22:52:36 IST" duration-ms="13913">
    <groups>
    </groups>
    <test started-at="2022-09-17T22:52:22 IST" name="Default test" finished-at="2022-09-17T22:52:36 IST" duration-ms="13913">
      <class name="Org.Amsys.Admin_Login">
        <test-method signature="Validlogin()[pri:0, instance:Org.Amsys.Admin_Login@49912c99]" started-at="2022-09-17T22:52:22 IST" name="Validlogin" finished-at="2022-09-17T22:52:36 IST" duration-ms="13849" status="PASS">
          <reporter-output>
          </reporter-output>
        </test-method> <!-- Validlogin -->
      </class> <!-- Org.Amsys.Admin_Login -->
    </test> <!-- Default test -->
  </suite> <!-- Default suite -->
</testng-results>
